Base path: C:/Program Files/Unity/Editor/Data
Pipe name: \\.\pipe\UnityShaderCompiler-64bit-1-3252
Cmd: getPlatforms
Cmd: preprocess
  insize=1943 outsize=615 ok=1
Cmd: compileSnippet
  api=4 type=0 insize=1630 outsize=1363 kw= pd= ok=1
Cmd: compileSnippet
  api=4 type=1 insize=1630 outsize=1981 kw= pd= ok=1
Cmd: preprocess
  insize=2859 outsize=1085 ok=1
Cmd: compileSnippet
  api=4 type=0 insize=2076 outsize=1997 kw=LIGHTMAP_ON pd= ok=1
Cmd: compileSnippet
  api=4 type=1 insize=2076 outsize=2159 kw=LIGHTMAP_ON pd= ok=1
Cmd: preprocess
  insize=894 outsize=302 ok=1
Cmd: compileSnippet
  api=4 type=0 insize=894 outsize=1006 kw= pd= ok=1
Cmd: compileSnippet
  api=4 type=1 insize=894 outsize=1209 kw= pd= ok=1
Cmd: preprocess
  insize=9827 outsize=9827 ok=1
Cmd: preprocess
  insize=2248 outsize=2248 ok=1
Cmd: preprocess
  insize=2100 outsize=596 ok=1
Cmd: compileSnippet
  api=4 type=0 insize=1805 outsize=1006 kw= pd= ok=1
Cmd: compileSnippet
  api=4 type=1 insize=1805 outsize=1704 kw= pd= ok=1
Cmd: preprocess
  insize=2429 outsize=886 ok=1
Cmd: preprocess
  insize=905 outsize=905 ok=1
Cmd: preprocess
  insize=1446 outsize=558 ok=1
Cmd: compileSnippet
  api=4 type=0 insize=1189 outsize=1396 kw= pd= ok=1
Cmd: compileSnippet
  api=4 type=1 insize=1189 outsize=1388 kw= pd= ok=1
Cmd: preprocess
  insize=2144 outsize=2153 ok=1
Cmd: compileSnippet
  api=4 type=0 insize=8298 outsize=4694 kw=DIRECTIONAL LIGHTMAP_OFF DIRLIGHTMAP_OFF DYNAMICLIGHTMAP_OFF pd= ok=1
Cmd: compileSnippet
  api=4 type=1 insize=8298 outsize=4223 kw=DIRECTIONAL LIGHTMAP_OFF DIRLIGHTMAP_OFF DYNAMICLIGHTMAP_OFF pd= ok=1
Cmd: compileSnippet
  api=4 type=0 insize=5680 outsize=3931 kw=POINT pd= ok=1
Cmd: compileSnippet
  api=4 type=1 insize=5680 outsize=4345 kw=POINT pd= ok=1
Cmd: compileSnippet
  api=4 type=0 insize=4982 outsize=4662 kw= pd= ok=1
Cmd: compileSnippet
  api=4 type=1 insize=4982 outsize=3890 kw= pd= ok=1
Cmd: compileSnippet
  api=4 type=0 insize=7749 outsize=4849 kw=DIRECTIONAL LIGHTMAP_OFF DIRLIGHTMAP_OFF DYNAMICLIGHTMAP_OFF pd= ok=1
Cmd: compileSnippet
  api=4 type=1 insize=7749 outsize=2956 kw=DIRECTIONAL LIGHTMAP_OFF DIRLIGHTMAP_OFF DYNAMICLIGHTMAP_OFF pd= ok=1
Cmd: compileSnippet
  api=4 type=0 insize=5173 outsize=3931 kw=POINT pd= ok=1
Cmd: compileSnippet
  api=4 type=1 insize=5173 outsize=3419 kw=POINT pd= ok=1
Cmd: compileSnippet
  api=4 type=0 insize=4642 outsize=4662 kw= pd= ok=1
Cmd: compileSnippet
  api=4 type=1 insize=4642 outsize=3890 kw= pd= ok=1
Cmd: preprocess
  insize=748 outsize=748 ok=1
Cmd: preprocess
  insize=8917 outsize=1152 ok=1
Cmd: preprocess
  insize=1699 outsize=647 ok=1
Cmd: compileSnippet
  api=4 type=0 insize=1354 outsize=1469 kw= pd= ok=1
Cmd: compileSnippet
  api=4 type=1 insize=1354 outsize=1453 kw= pd= ok=1
Cmd: preprocess
  insize=1662 outsize=609 ok=1
Cmd: compileSnippet
  api=4 type=0 insize=1355 outsize=1363 kw= pd= ok=1
Cmd: compileSnippet
  api=4 type=1 insize=1355 outsize=1518 kw= pd= ok=1
Cmd: preprocess
  insize=4962 outsize=4787 ok=1
Cmd: compileSnippet
  api=4 type=0 insize=8331 outsize=4694 kw=DIRECTIONAL LIGHTMAP_OFF DIRLIGHTMAP_OFF DYNAMICLIGHTMAP_OFF pd= ok=1
Cmd: compileSnippet
  api=4 type=1 insize=8331 outsize=4223 kw=DIRECTIONAL LIGHTMAP_OFF DIRLIGHTMAP_OFF DYNAMICLIGHTMAP_OFF pd= ok=1
Cmd: compileSnippet
  api=4 type=0 insize=5713 outsize=3931 kw=POINT pd= ok=1
Cmd: compileSnippet
  api=4 type=1 insize=5713 outsize=4345 kw=POINT pd= ok=1
Cmd: compileSnippet
  api=4 type=0 insize=5015 outsize=4662 kw= pd= ok=1
Cmd: compileSnippet
  api=4 type=1 insize=5015 outsize=3890 kw= pd= ok=1
Cmd: preprocess
  insize=1215 outsize=451 ok=1
Cmd: compileSnippet
  api=4 type=0 insize=1066 outsize=1071 kw= pd= ok=1
Cmd: compileSnippet
  api=4 type=1 insize=1066 outsize=1233 kw= pd= ok=1
Cmd: preprocess
  insize=648 outsize=1594 ok=1
Cmd: compileSnippet
  api=4 type=0 insize=7177 outsize=3663 kw=DIRECTIONAL SHADOWS_OFF LIGHTMAP_OFF DIRLIGHTMAP_OFF DYNAMICLIGHTMAP_OFF pd= ok=1
Cmd: compileSnippet
  api=4 type=1 insize=7177 outsize=1396 kw=DIRECTIONAL SHADOWS_OFF LIGHTMAP_OFF DIRLIGHTMAP_OFF DYNAMICLIGHTMAP_OFF pd= ok=1
Cmd: compileSnippet
  api=4 type=0 insize=3883 outsize=2753 kw=POINT pd= ok=1
Cmd: compileSnippet
  api=4 type=1 insize=3883 outsize=1948 kw=POINT pd= ok=1
Cmd: compileSnippet
  api=4 type=0 insize=3004 outsize=2533 kw= pd= ok=1
Cmd: compileSnippet
  api=4 type=1 insize=3004 outsize=697 kw= pd= ok=1
Cmd: compileSnippet
  api=4 type=0 insize=6091 outsize=4077 kw=LIGHTMAP_OFF DIRLIGHTMAP_OFF DYNAMICLIGHTMAP_OFF HDR_LIGHT_PREPASS_OFF pd= ok=1
Cmd: compileSnippet
  api=4 type=1 insize=6091 outsize=1444 kw=LIGHTMAP_OFF DIRLIGHTMAP_OFF DYNAMICLIGHTMAP_OFF HDR_LIGHT_PREPASS_OFF pd= ok=1
Cmd: compileSnippet
  api=4 type=0 insize=6256 outsize=3801 kw=LIGHTMAP_OFF DIRLIGHTMAP_OFF DYNAMICLIGHTMAP_OFF HDR_LIGHT_PREPASS_OFF pd= ok=1
Cmd: compileSnippet
  api=4 type=1 insize=6256 outsize=1753 kw=LIGHTMAP_OFF DIRLIGHTMAP_OFF DYNAMICLIGHTMAP_OFF HDR_LIGHT_PREPASS_OFF pd= ok=1
Cmd: compileSnippet
  api=4 type=0 insize=3195 outsize=2484 kw= pd= ok=1
Cmd: compileSnippet
  api=4 type=1 insize=3195 outsize=2257 kw= pd= ok=1
Cmd: preprocess
  insize=1486 outsize=523 ok=1
Cmd: compileSnippet
  api=4 type=0 insize=1265 outsize=1144 kw= pd= ok=1
Cmd: compileSnippet
  api=4 type=1 insize=1265 outsize=1453 kw= pd= ok=1
Cmd: preprocess
  insize=596 outsize=596 ok=1
Cmd: preprocess
  error: 1 plat 18 at (38): Both vertex and fragment programs must be present in a CGPROGRAM. Excluding it from compilation.
  insize=3364 outsize=2463 ok=1
Cmd: preprocess
  insize=633 outsize=633 ok=1
Cmd: preprocess
  insize=2628 outsize=2628 ok=1
Cmd: preprocess
  insize=9948 outsize=9948 ok=1
Cmd: preprocess
  insize=847 outsize=376 ok=1
Cmd: compileSnippet
  api=4 type=0 insize=773 outsize=1006 kw= pd= ok=1
Cmd: compileSnippet
  api=4 type=1 insize=773 outsize=835 kw= pd= ok=1
Cmd: preprocess
  insize=5667 outsize=2816 ok=1
Cmd: preprocess
  insize=695 outsize=469 ok=1
Cmd: compileSnippet
  api=4 type=0 insize=528 outsize=1006 kw= pd= ok=1
Cmd: compileSnippet
  api=4 type=1 insize=528 outsize=1274 kw= pd= ok=1
Cmd: preprocess
  insize=3430 outsize=3430 ok=1
Cmd: preprocess
  insize=596 outsize=596 ok=1
Cmd: preprocess
  insize=833 outsize=426 ok=1
Cmd: compileSnippet
  api=4 type=0 insize=709 outsize=1006 kw= pd= ok=1
Cmd: compileSnippet
  api=4 type=1 insize=709 outsize=1404 kw= pd= ok=1
Cmd: preprocess
  error: 1 plat 18 at (89): Both vertex and fragment programs must be present in a CGPROGRAM. Excluding it from compilation.
  insize=2669 outsize=1484 ok=1
Cmd: compileSnippet
  api=4 type=0 insize=1301 outsize=1924 kw= pd= ok=1
Cmd: compileSnippet
  api=4 type=1 insize=1301 outsize=1599 kw= pd= ok=1
Cmd: preprocess
  insize=1290 outsize=1290 ok=1
Cmd: preprocess
  insize=459 outsize=459 ok=1
Cmd: preprocess
  error: 1 plat 18 at (89): Both vertex and fragment programs must be present in a CGPROGRAM. Excluding it from compilation.
  insize=2669 outsize=1484 ok=1
Cmd: preprocess
  insize=894 outsize=302 ok=1
Cmd: preprocess
  insize=1345 outsize=754 ok=1
Cmd: compileSnippet
  api=4 type=0 insize=893 outsize=1144 kw= pd= ok=1
Cmd: compileSnippet
  api=4 type=1 insize=893 outsize=1038 kw= pd= ok=1
Cmd: preprocess
  insize=634 outsize=634 ok=1
Cmd: compileSnippet
  api=4 type=0 insize=1004 outsize=4629 kw=SHADOWS_DEPTH pd= ok=1
Cmd: compileSnippet
  api=4 type=1 insize=1004 outsize=884 kw=SHADOWS_DEPTH pd= ok=1
Cmd: compileSnippet
  api=4 type=0 insize=631 outsize=4264 kw= pd= ok=1
Cmd: compileSnippet
  api=4 type=1 insize=631 outsize=989 kw= pd= ok=1
Cmd: compileSnippet
  api=4 type=0 insize=5680 outsize=3931 kw=DIRECTIONAL pd= ok=1
Cmd: compileSnippet
  api=4 type=1 insize=5680 outsize=3589 kw=DIRECTIONAL pd= ok=1
Cmd: compileSnippet
  api=4 type=0 insize=7060 outsize=3663 kw=DIRECTIONAL LIGHTMAP_OFF DIRLIGHTMAP_OFF DYNAMICLIGHTMAP_OFF pd= ok=1
Cmd: compileSnippet
  api=4 type=1 insize=7060 outsize=2322 kw=DIRECTIONAL LIGHTMAP_OFF DIRLIGHTMAP_OFF DYNAMICLIGHTMAP_OFF pd= ok=1
Cmd: compileSnippet
  api=4 type=0 insize=3790 outsize=2753 kw=DIRECTIONAL pd= ok=1
Cmd: compileSnippet
  api=4 type=1 insize=3790 outsize=2176 kw=DIRECTIONAL pd= ok=1
Cmd: compileSnippet
  api=4 type=0 insize=794 outsize=4402 kw=SHADOWS_DEPTH pd= ok=1
Cmd: compileSnippet
  api=4 type=1 insize=794 outsize=453 kw=SHADOWS_DEPTH pd= ok=1
Cmd: compileSnippet
  api=4 type=0 insize=619 outsize=4231 kw= pd= ok=1
Cmd: compileSnippet
  api=4 type=1 insize=619 outsize=803 kw= pd= ok=1
Cmd: compileSnippet
  api=4 type=0 insize=5713 outsize=3931 kw=DIRECTIONAL pd= ok=1
Cmd: compileSnippet
  api=4 type=1 insize=5713 outsize=3589 kw=DIRECTIONAL pd= ok=1
Cmd: compileSnippet
  api=4 type=0 insize=7600 outsize=4093 kw=DIRECTIONAL SHADOWS_OFF LIGHTMAP_OFF DIRLIGHTMAP_OFF DYNAMICLIGHTMAP_OFF pd= ok=1
Cmd: compileSnippet
  api=4 type=1 insize=7600 outsize=2639 kw=DIRECTIONAL SHADOWS_OFF LIGHTMAP_OFF DIRLIGHTMAP_OFF DYNAMICLIGHTMAP_OFF pd= ok=1
Cmd: compileSnippet
  api=4 type=0 insize=4097 outsize=2753 kw=DIRECTIONAL pd= ok=1
Cmd: compileSnippet
  api=4 type=1 insize=4097 outsize=2151 kw=DIRECTIONAL pd= ok=1
Cmd: compileSnippet
  api=4 type=0 insize=1333 outsize=1404 kw= pd= ok=1
Cmd: compileSnippet
  api=4 type=1 insize=1333 outsize=1168 kw= pd= ok=1
Cmd: compileSnippet
  api=4 type=0 insize=1329 outsize=1404 kw= pd= ok=1
Cmd: compileSnippet
  api=4 type=1 insize=1329 outsize=1168 kw= pd= ok=1
Cmd: compileSnippet
  api=4 type=0 insize=1329 outsize=1404 kw= pd= ok=1
Cmd: compileSnippet
  api=4 type=1 insize=1329 outsize=1168 kw= pd= ok=1
Cmd: compileSnippet
  api=4 type=0 insize=1333 outsize=1404 kw= pd= ok=1
Cmd: compileSnippet
  api=4 type=1 insize=1333 outsize=1168 kw= pd= ok=1
Cmd: compileSnippet
  api=4 type=0 insize=1321 outsize=1404 kw= pd= ok=1
Cmd: compileSnippet
  api=4 type=1 insize=1321 outsize=1168 kw= pd= ok=1
Cmd: compileSnippet
  api=4 type=0 insize=1331 outsize=1404 kw= pd= ok=1
Cmd: compileSnippet
  api=4 type=1 insize=1331 outsize=1168 kw= pd= ok=1
Cmd: compileSnippet
  api=4 type=0 insize=966 outsize=1290 kw= pd= ok=1
Cmd: compileSnippet
  api=4 type=1 insize=966 outsize=811 kw= pd= ok=1
Cmd: compileSnippet
  api=4 type=0 insize=3883 outsize=2753 kw=DIRECTIONAL pd= ok=1
Cmd: compileSnippet
  api=4 type=1 insize=3883 outsize=1168 kw=DIRECTIONAL pd= ok=1
Cmd: compileSnippet
  api=4 type=0 insize=1706 outsize=1290 kw=SOFTPARTICLES_OFF pd= ok=1
Cmd: compileSnippet
  api=4 type=1 insize=1706 outsize=868 kw=SOFTPARTICLES_OFF pd= ok=1
Cmd: compileSnippet
  api=4 type=0 insize=8161 outsize=4784 kw=DIRECTIONAL SHADOWS_OFF LIGHTMAP_OFF DIRLIGHTMAP_OFF DYNAMICLIGHTMAP_OFF pd= ok=1
Cmd: compileSnippet
  api=4 type=1 insize=8161 outsize=4012 kw=DIRECTIONAL SHADOWS_OFF LIGHTMAP_OFF DIRLIGHTMAP_OFF DYNAMICLIGHTMAP_OFF pd= ok=1
Cmd: compileSnippet
  api=4 type=0 insize=5352 outsize=4020 kw=DIRECTIONAL pd= ok=1
Cmd: compileSnippet
  api=4 type=1 insize=5352 outsize=2907 kw=DIRECTIONAL pd= ok=1
Cmd: compileSnippet
  api=4 type=0 insize=1762 outsize=1347 kw= pd= ok=1
Cmd: compileSnippet
  api=4 type=1 insize=1762 outsize=1038 kw= pd= ok=1
Cmd: compileSnippet
  api=4 type=0 insize=6845 outsize=3663 kw=DIRECTIONAL LIGHTMAP_OFF DIRLIGHTMAP_OFF DYNAMICLIGHTMAP_OFF pd= ok=1
Cmd: compileSnippet
  api=4 type=1 insize=6845 outsize=1314 kw=DIRECTIONAL LIGHTMAP_OFF DIRLIGHTMAP_OFF DYNAMICLIGHTMAP_OFF pd= ok=1
Cmd: compileSnippet
  api=4 type=0 insize=3617 outsize=2753 kw=DIRECTIONAL pd= ok=1
Cmd: compileSnippet
  api=4 type=1 insize=3617 outsize=1168 kw=DIRECTIONAL pd= ok=1
Cmd: compileSnippet
  api=4 type=0 insize=1834 outsize=1379 kw= pd= ok=1
Cmd: compileSnippet
  api=4 type=1 insize=1834 outsize=1233 kw= pd= ok=1
Cmd: compileSnippet
  api=4 type=0 insize=1162 outsize=973 kw= pd= ok=1
Cmd: compileSnippet
  api=4 type=1 insize=1162 outsize=518 kw= pd= ok=1
Cmd: compileSnippet
  api=4 type=0 insize=7666 outsize=4784 kw=DIRECTIONAL SHADOWS_OFF LIGHTMAP_OFF DIRLIGHTMAP_OFF DYNAMICLIGHTMAP_OFF pd= ok=1
Cmd: compileSnippet
  api=4 type=1 insize=7666 outsize=3476 kw=DIRECTIONAL SHADOWS_OFF LIGHTMAP_OFF DIRLIGHTMAP_OFF DYNAMICLIGHTMAP_OFF pd= ok=1
Cmd: compileSnippet
  api=4 type=0 insize=5061 outsize=4020 kw=DIRECTIONAL pd= ok=1
Cmd: compileSnippet
  api=4 type=1 insize=5061 outsize=2907 kw=DIRECTIONAL pd= ok=1
Cmd: compileSnippet
  api=4 type=0 insize=4587 outsize=4093 kw= pd= ok=1
Cmd: compileSnippet
  api=4 type=1 insize=4587 outsize=998 kw= pd= ok=1
Cmd: compileSnippet
  api=4 type=0 insize=1106 outsize=1290 kw= pd= ok=1
Cmd: compileSnippet
  api=4 type=1 insize=1106 outsize=1006 kw= pd= ok=1
Cmd: compileSnippet
  api=4 type=0 insize=1109 outsize=1290 kw= pd= ok=1
Cmd: compileSnippet
  api=4 type=1 insize=1109 outsize=1014 kw= pd= ok=1
Cmd: compileSnippet
  error: 2 plat 8 at (48): 'vert': function return value missing semantics\nCompiling Vertex program
Platform defines: UNITY_NO_SCREENSPACE_SHADOWS UNITY_NO_LINEAR_COLORSPACE
  api=8 type=0 insize=3155 outsize=0 kw= pd=UNITY_NO_SCREENSPACE_SHADOWS UNITY_NO_LINEAR_COLORSPACE ok=0
Cmd: compileSnippet
  error: 2 plat 8 at (78): 'frag': input parameter 'i' missing semantics\nCompiling Fragment program
Platform defines: UNITY_NO_SCREENSPACE_SHADOWS UNITY_NO_LINEAR_COLORSPACE
  api=8 type=1 insize=3155 outsize=0 kw= pd=UNITY_NO_SCREENSPACE_SHADOWS UNITY_NO_LINEAR_COLORSPACE ok=0
Cmd: compileSnippet
  error: 2 plat 8 at (48): 'vert': function return value missing semantics\nCompiling Vertex program
Platform defines: UNITY_NO_SCREENSPACE_SHADOWS UNITY_NO_LINEAR_COLORSPACE
  api=8 type=0 insize=3155 outsize=0 kw= pd=UNITY_NO_SCREENSPACE_SHADOWS UNITY_NO_LINEAR_COLORSPACE ok=0
Cmd: compileSnippet
  error: 2 plat 8 at (78): 'frag': input parameter 'i' missing semantics\nCompiling Fragment program
Platform defines: UNITY_NO_SCREENSPACE_SHADOWS UNITY_NO_LINEAR_COLORSPACE
  api=8 type=1 insize=3155 outsize=0 kw= pd=UNITY_NO_SCREENSPACE_SHADOWS UNITY_NO_LINEAR_COLORSPACE ok=0
Cmd: compileSnippet
  api=4 type=0 insize=6924 outsize=4053 kw=DIRECTIONAL SHADOWS_SCREEN LIGHTMAP_OFF DIRLIGHTMAP_OFF DYNAMICLIGHTMAP_OFF pd= ok=1
Cmd: compileSnippet
  api=4 type=1 insize=6924 outsize=1631 kw=DIRECTIONAL SHADOWS_SCREEN LIGHTMAP_OFF DIRLIGHTMAP_OFF DYNAMICLIGHTMAP_OFF pd= ok=1
Cmd: compileSnippet
  api=4 type=0 insize=7666 outsize=5174 kw=DIRECTIONAL SHADOWS_SCREEN LIGHTMAP_OFF DIRLIGHTMAP_OFF DYNAMICLIGHTMAP_OFF pd= ok=1
Cmd: compileSnippet
  api=4 type=1 insize=7666 outsize=3784 kw=DIRECTIONAL SHADOWS_SCREEN LIGHTMAP_OFF DIRLIGHTMAP_OFF DYNAMICLIGHTMAP_OFF pd= ok=1
Cmd: compileSnippet
  api=4 type=0 insize=3695 outsize=2753 kw=SPOT pd= ok=1
Cmd: compileSnippet
  api=4 type=1 insize=3695 outsize=2444 kw=SPOT pd= ok=1
Cmd: compileSnippet
  api=4 type=0 insize=5061 outsize=4020 kw=SPOT pd= ok=1
Cmd: compileSnippet
  api=4 type=1 insize=5061 outsize=4174 kw=SPOT pd= ok=1
Cmd: preprocess
  insize=2859 outsize=1085 ok=1
Cmd: preprocess
  insize=2429 outsize=886 ok=1
Cmd: preprocess
  insize=9948 outsize=9948 ok=1
Cmd: preprocess
  insize=5667 outsize=2816 ok=1
Cmd: compileSnippet
  error: 2 plat 8 at (48): 'vert': function return value missing semantics\nCompiling Vertex program
Platform defines: UNITY_NO_SCREENSPACE_SHADOWS UNITY_NO_LINEAR_COLORSPACE
  api=8 type=0 insize=3155 outsize=0 kw= pd=UNITY_NO_SCREENSPACE_SHADOWS UNITY_NO_LINEAR_COLORSPACE ok=0
Cmd: compileSnippet
  error: 2 plat 8 at (78): 'frag': input parameter 'i' missing semantics\nCompiling Fragment program
Platform defines: UNITY_NO_SCREENSPACE_SHADOWS UNITY_NO_LINEAR_COLORSPACE
  api=8 type=1 insize=3155 outsize=0 kw= pd=UNITY_NO_SCREENSPACE_SHADOWS UNITY_NO_LINEAR_COLORSPACE ok=0
Cmd: compileSnippet
  api=4 type=0 insize=8161 outsize=5174 kw=DIRECTIONAL SHADOWS_SCREEN LIGHTMAP_OFF DIRLIGHTMAP_OFF DYNAMICLIGHTMAP_OFF pd= ok=1
Cmd: compileSnippet
  api=4 type=1 insize=8161 outsize=4321 kw=DIRECTIONAL SHADOWS_SCREEN LIGHTMAP_OFF DIRLIGHTMAP_OFF DYNAMICLIGHTMAP_OFF pd= ok=1
Cmd: compileSnippet
  api=4 type=0 insize=5352 outsize=4020 kw=SPOT pd= ok=1
Cmd: compileSnippet
  api=4 type=1 insize=5352 outsize=4174 kw=SPOT pd= ok=1
Cmd: compileSnippet
  api=4 type=0 insize=938 outsize=4792 kw=SPOT SHADOWS_OFF _NORMALMAP pd= ok=1
Cmd: compileSnippet
  api=4 type=1 insize=938 outsize=7213 kw=SPOT SHADOWS_OFF _NORMALMAP pd= ok=1
Cmd: preprocess
  insize=1099 outsize=1373 ok=1
Cmd: compileSnippet
  api=4 type=0 insize=7510 outsize=4093 kw=DIRECTIONAL LIGHTMAP_OFF DIRLIGHTMAP_OFF DYNAMICLIGHTMAP_OFF pd= ok=1
Cmd: compileSnippet
  api=4 type=1 insize=7510 outsize=2704 kw=DIRECTIONAL LIGHTMAP_OFF DIRLIGHTMAP_OFF DYNAMICLIGHTMAP_OFF pd= ok=1
Cmd: compileSnippet
  api=4 type=0 insize=4008 outsize=2753 kw=POINT pd= ok=1
Cmd: compileSnippet
  api=4 type=1 insize=4008 outsize=2866 kw=POINT pd= ok=1
Cmd: compileSnippet
  api=4 type=0 insize=3591 outsize=3793 kw= pd= ok=1
Cmd: compileSnippet
  api=4 type=1 insize=3591 outsize=2574 kw= pd= ok=1
Cmd: preprocess
  insize=1013 outsize=1805 ok=1
Cmd: compileSnippet
  api=4 type=0 insize=7568 outsize=4093 kw=DIRECTIONAL SHADOWS_OFF LIGHTMAP_OFF DIRLIGHTMAP_OFF DYNAMICLIGHTMAP_OFF pd= ok=1
Cmd: compileSnippet
  api=4 type=1 insize=7568 outsize=2696 kw=DIRECTIONAL SHADOWS_OFF LIGHTMAP_OFF DIRLIGHTMAP_OFF DYNAMICLIGHTMAP_OFF pd= ok=1
Cmd: compileSnippet
  api=4 type=0 insize=4065 outsize=2753 kw=POINT pd= ok=1
Cmd: compileSnippet
  api=4 type=1 insize=4065 outsize=2858 kw=POINT pd= ok=1
Cmd: compileSnippet
  api=4 type=0 insize=3186 outsize=2533 kw= pd= ok=1
Cmd: compileSnippet
  api=4 type=1 insize=3186 outsize=738 kw= pd= ok=1
Cmd: compileSnippet
  api=4 type=0 insize=6451 outsize=4475 kw=LIGHTMAP_OFF DIRLIGHTMAP_OFF DYNAMICLIGHTMAP_OFF HDR_LIGHT_PREPASS_OFF pd= ok=1
Cmd: compileSnippet
  api=4 type=1 insize=6451 outsize=1964 kw=LIGHTMAP_OFF DIRLIGHTMAP_OFF DYNAMICLIGHTMAP_OFF HDR_LIGHT_PREPASS_OFF pd= ok=1
Cmd: compileSnippet
  api=4 type=0 insize=6616 outsize=4231 kw=LIGHTMAP_OFF DIRLIGHTMAP_OFF DYNAMICLIGHTMAP_OFF HDR_LIGHT_PREPASS_OFF pd= ok=1
Cmd: compileSnippet
  api=4 type=1 insize=6616 outsize=2078 kw=LIGHTMAP_OFF DIRLIGHTMAP_OFF DYNAMICLIGHTMAP_OFF HDR_LIGHT_PREPASS_OFF pd= ok=1
Cmd: compileSnippet
  api=4 type=0 insize=3555 outsize=3793 kw= pd= ok=1
Cmd: compileSnippet
  api=4 type=1 insize=3555 outsize=2574 kw= pd= ok=1
Cmd: preprocess
  insize=880 outsize=1231 ok=1
Cmd: compileSnippet
  api=4 type=0 insize=7304 outsize=4093 kw=DIRECTIONAL LIGHTMAP_OFF DIRLIGHTMAP_OFF DYNAMICLIGHTMAP_OFF pd= ok=1
Cmd: compileSnippet
  api=4 type=1 insize=7304 outsize=1656 kw=DIRECTIONAL LIGHTMAP_OFF DIRLIGHTMAP_OFF DYNAMICLIGHTMAP_OFF pd= ok=1
Cmd: compileSnippet
  api=4 type=0 insize=3844 outsize=2753 kw=POINT pd= ok=1
Cmd: compileSnippet
  api=4 type=1 insize=3844 outsize=1948 kw=POINT pd= ok=1
Cmd: compileSnippet
  api=4 type=0 insize=3513 outsize=3793 kw= pd= ok=1
Cmd: compileSnippet
  api=4 type=1 insize=3513 outsize=2517 kw= pd= ok=1
